<?xml version="1.0" encoding="UTF-8"?>
<!-- Generated by org.testng.reporters.JUnitReportReporter -->
<testsuite hostname="LAPTOP-8EPSLGPA" failures="0" tests="1" name="coverFoxTest.CF_002Validate_Pincode_Error_Msg" time="12.170" errors="0" timestamp="2024-01-16T23:59:12 IST" skipped="0">
  <testcase classname="coverFoxTest.CF_002Validate_Pincode_Error_Msg" name="validate_Pincode_ErrorMsg" time="12.170">
    <system-out>
      <![CDATA[Validating Pincode Error Msg
TC IS Passed]]>
    </system-out>
  </testcase> <!-- validate_Pincode_ErrorMsg -->
  <system-out>
    <![CDATA[Launching Browser
Reading data from excel sheet
Reading data from excel sheet
Validating Pincode Error Msg
TC IS Passed
Closing Browser]]>
  </system-out>
</testsuite> <!-- coverFoxTest.CF_002Validate_Pincode_Error_Msg -->
